[2026-04-04T13:33:01.892Z] Dashboard Error: Cast to ObjectId failed for value "Data Structures Advanced" (type string) at path "_id" for model "Course"
CastError: Cast to ObjectId failed for value "Data Structures Advanced" (type string) at path "_id" for model "Course"
    at SchemaObjectId.cast (C:\RENVOX STARTUP\node_modules\mongoose\lib\schema\objectId.js:253:11)
    at SchemaType.applySetters (C:\RENVOX STARTUP\node_modules\mongoose\lib\schemaType.js:1279:12)
    at SchemaType.castForQuery (C:\RENVOX STARTUP\node_modules\mongoose\lib\schemaType.js:1705:17)
    at cast (C:\RENVOX STARTUP\node_modules\mongoose\lib\cast.js:386:32)
    at Query.cast (C:\RENVOX STARTUP\node_modules\mongoose\lib\query.js:5088:12)
    at Query._castConditions (C:\RENVOX STARTUP\node_modules\mongoose\lib\query.js:2376:10)
    at model.Query._findOne (C:\RENVOX STARTUP\node_modules\mongoose\lib\query.js:2716:8)
    at model.Query.exec (C:\RENVOX STARTUP\node_modules\mongoose\lib\query.js:4687:80)
    at process.processTicksAndRejections (node:internal/process/task_queues:104:5)
    at async C:\RENVOX STARTUP\routes\analyticsRoutes.js:60:26
[2026-04-04T13:36:04.278Z] Dashboard Error: Cast to ObjectId failed for value "Data Structures Advanced" (type string) at path "_id" for model "Course"
CastError: Cast to ObjectId failed for value "Data Structures Advanced" (type string) at path "_id" for model "Course"
    at SchemaObjectId.cast (C:\RENVOX STARTUP\node_modules\mongoose\lib\schema\objectId.js:253:11)
    at SchemaType.applySetters (C:\RENVOX STARTUP\node_modules\mongoose\lib\schemaType.js:1279:12)
    at SchemaType.castForQuery (C:\RENVOX STARTUP\node_modules\mongoose\lib\schemaType.js:1705:17)
    at cast (C:\RENVOX STARTUP\node_modules\mongoose\lib\cast.js:386:32)
    at Query.cast (C:\RENVOX STARTUP\node_modules\mongoose\lib\query.js:5088:12)
    at Query._castConditions (C:\RENVOX STARTUP\node_modules\mongoose\lib\query.js:2376:10)
    at model.Query._findOne (C:\RENVOX STARTUP\node_modules\mongoose\lib\query.js:2716:8)
    at model.Query.exec (C:\RENVOX STARTUP\node_modules\mongoose\lib\query.js:4687:80)
    at process.processTicksAndRejections (node:internal/process/task_queues:104:5)
    at async C:\RENVOX STARTUP\routes\analyticsRoutes.js:60:26
[2026-04-04T18:54:28.967Z] Dashboard Error: Cast to ObjectId failed for value "Data Structures Advanced" (type string) at path "_id" for model "Course"
CastError: Cast to ObjectId failed for value "Data Structures Advanced" (type string) at path "_id" for model "Course"
    at SchemaObjectId.cast (C:\RENVOX STARTUP\node_modules\mongoose\lib\schema\objectId.js:253:11)
    at SchemaType.applySetters (C:\RENVOX STARTUP\node_modules\mongoose\lib\schemaType.js:1279:12)
    at SchemaType.castForQuery (C:\RENVOX STARTUP\node_modules\mongoose\lib\schemaType.js:1705:17)
    at cast (C:\RENVOX STARTUP\node_modules\mongoose\lib\cast.js:386:32)
    at Query.cast (C:\RENVOX STARTUP\node_modules\mongoose\lib\query.js:5088:12)
    at Query._castConditions (C:\RENVOX STARTUP\node_modules\mongoose\lib\query.js:2376:10)
    at model.Query._findOne (C:\RENVOX STARTUP\node_modules\mongoose\lib\query.js:2716:8)
    at model.Query.exec (C:\RENVOX STARTUP\node_modules\mongoose\lib\query.js:4687:80)
    at process.processTicksAndRejections (node:internal/process/task_queues:104:5)
    at async C:\RENVOX STARTUP\routes\analyticsRoutes.js:60:26
[2026-04-04T19:19:02.761Z] Dashboard Error: Cast to ObjectId failed for value "Data Structures Advanced" (type string) at path "_id" for model "Course"
CastError: Cast to ObjectId failed for value "Data Structures Advanced" (type string) at path "_id" for model "Course"
    at SchemaObjectId.cast (C:\RENVOX STARTUP\node_modules\mongoose\lib\schema\objectId.js:253:11)
    at SchemaType.applySetters (C:\RENVOX STARTUP\node_modules\mongoose\lib\schemaType.js:1279:12)
    at SchemaType.castForQuery (C:\RENVOX STARTUP\node_modules\mongoose\lib\schemaType.js:1705:17)
    at cast (C:\RENVOX STARTUP\node_modules\mongoose\lib\cast.js:386:32)
    at Query.cast (C:\RENVOX STARTUP\node_modules\mongoose\lib\query.js:5088:12)
    at Query._castConditions (C:\RENVOX STARTUP\node_modules\mongoose\lib\query.js:2376:10)
    at model.Query._findOne (C:\RENVOX STARTUP\node_modules\mongoose\lib\query.js:2716:8)
    at model.Query.exec (C:\RENVOX STARTUP\node_modules\mongoose\lib\query.js:4687:80)
    at process.processTicksAndRejections (node:internal/process/task_queues:104:5)
    at async C:\RENVOX STARTUP\routes\analyticsRoutes.js:60:26
[2026-04-04T19:19:07.127Z] Dashboard Error: Cast to ObjectId failed for value "Data Structures Advanced" (type string) at path "_id" for model "Course"
CastError: Cast to ObjectId failed for value "Data Structures Advanced" (type string) at path "_id" for model "Course"
    at SchemaObjectId.cast (C:\RENVOX STARTUP\node_modules\mongoose\lib\schema\objectId.js:253:11)
    at SchemaType.applySetters (C:\RENVOX STARTUP\node_modules\mongoose\lib\schemaType.js:1279:12)
    at SchemaType.castForQuery (C:\RENVOX STARTUP\node_modules\mongoose\lib\schemaType.js:1705:17)
    at cast (C:\RENVOX STARTUP\node_modules\mongoose\lib\cast.js:386:32)
    at Query.cast (C:\RENVOX STARTUP\node_modules\mongoose\lib\query.js:5088:12)
    at Query._castConditions (C:\RENVOX STARTUP\node_modules\mongoose\lib\query.js:2376:10)
    at model.Query._findOne (C:\RENVOX STARTUP\node_modules\mongoose\lib\query.js:2716:8)
    at model.Query.exec (C:\RENVOX STARTUP\node_modules\mongoose\lib\query.js:4687:80)
    at process.processTicksAndRejections (node:internal/process/task_queues:104:5)
    at async C:\RENVOX STARTUP\routes\analyticsRoutes.js:60:26
[2026-04-04T19:26:30.672Z] Dashboard Error: Cast to ObjectId failed for value "Data Structures Advanced" (type string) at path "_id" for model "Course"
CastError: Cast to ObjectId failed for value "Data Structures Advanced" (type string) at path "_id" for model "Course"
    at SchemaObjectId.cast (C:\RENVOX STARTUP\node_modules\mongoose\lib\schema\objectId.js:253:11)
    at SchemaType.applySetters (C:\RENVOX STARTUP\node_modules\mongoose\lib\schemaType.js:1279:12)
    at SchemaType.castForQuery (C:\RENVOX STARTUP\node_modules\mongoose\lib\schemaType.js:1705:17)
    at cast (C:\RENVOX STARTUP\node_modules\mongoose\lib\cast.js:386:32)
    at Query.cast (C:\RENVOX STARTUP\node_modules\mongoose\lib\query.js:5088:12)
    at Query._castConditions (C:\RENVOX STARTUP\node_modules\mongoose\lib\query.js:2376:10)
    at model.Query._findOne (C:\RENVOX STARTUP\node_modules\mongoose\lib\query.js:2716:8)
    at model.Query.exec (C:\RENVOX STARTUP\node_modules\mongoose\lib\query.js:4687:80)
    at process.processTicksAndRejections (node:internal/process/task_queues:104:5)
    at async C:\RENVOX STARTUP\routes\analyticsRoutes.js:60:26
[2026-04-04T19:28:48.981Z] Dashboard Error: Cast to ObjectId failed for value "Data Structures Advanced" (type string) at path "_id" for model "Course"
CastError: Cast to ObjectId failed for value "Data Structures Advanced" (type string) at path "_id" for model "Course"
    at SchemaObjectId.cast (C:\RENVOX STARTUP\node_modules\mongoose\lib\schema\objectId.js:253:11)
    at SchemaType.applySetters (C:\RENVOX STARTUP\node_modules\mongoose\lib\schemaType.js:1279:12)
    at SchemaType.castForQuery (C:\RENVOX STARTUP\node_modules\mongoose\lib\schemaType.js:1705:17)
    at cast (C:\RENVOX STARTUP\node_modules\mongoose\lib\cast.js:386:32)
    at Query.cast (C:\RENVOX STARTUP\node_modules\mongoose\lib\query.js:5088:12)
    at Query._castConditions (C:\RENVOX STARTUP\node_modules\mongoose\lib\query.js:2376:10)
    at model.Query._findOne (C:\RENVOX STARTUP\node_modules\mongoose\lib\query.js:2716:8)
    at model.Query.exec (C:\RENVOX STARTUP\node_modules\mongoose\lib\query.js:4687:80)
    at process.processTicksAndRejections (node:internal/process/task_queues:104:5)
    at async C:\RENVOX STARTUP\routes\analyticsRoutes.js:60:26
[2026-04-04T19:29:12.113Z] Dashboard Error: Cast to ObjectId failed for value "Data Structures Advanced" (type string) at path "_id" for model "Course"
CastError: Cast to ObjectId failed for value "Data Structures Advanced" (type string) at path "_id" for model "Course"
    at SchemaObjectId.cast (C:\RENVOX STARTUP\node_modules\mongoose\lib\schema\objectId.js:253:11)
    at SchemaType.applySetters (C:\RENVOX STARTUP\node_modules\mongoose\lib\schemaType.js:1279:12)
    at SchemaType.castForQuery (C:\RENVOX STARTUP\node_modules\mongoose\lib\schemaType.js:1705:17)
    at cast (C:\RENVOX STARTUP\node_modules\mongoose\lib\cast.js:386:32)
    at Query.cast (C:\RENVOX STARTUP\node_modules\mongoose\lib\query.js:5088:12)
    at Query._castConditions (C:\RENVOX STARTUP\node_modules\mongoose\lib\query.js:2376:10)
    at model.Query._findOne (C:\RENVOX STARTUP\node_modules\mongoose\lib\query.js:2716:8)
    at model.Query.exec (C:\RENVOX STARTUP\node_modules\mongoose\lib\query.js:4687:80)
    at process.processTicksAndRejections (node:internal/process/task_queues:104:5)
    at async C:\RENVOX STARTUP\routes\analyticsRoutes.js:60:26
[2026-04-04T19:29:51.870Z] Dashboard Error: Cast to ObjectId failed for value "Data Structures Advanced" (type string) at path "_id" for model "Course"
CastError: Cast to ObjectId failed for value "Data Structures Advanced" (type string) at path "_id" for model "Course"
    at SchemaObjectId.cast (C:\RENVOX STARTUP\node_modules\mongoose\lib\schema\objectId.js:253:11)
    at SchemaType.applySetters (C:\RENVOX STARTUP\node_modules\mongoose\lib\schemaType.js:1279:12)
    at SchemaType.castForQuery (C:\RENVOX STARTUP\node_modules\mongoose\lib\schemaType.js:1705:17)
    at cast (C:\RENVOX STARTUP\node_modules\mongoose\lib\cast.js:386:32)
    at Query.cast (C:\RENVOX STARTUP\node_modules\mongoose\lib\query.js:5088:12)
    at Query._castConditions (C:\RENVOX STARTUP\node_modules\mongoose\lib\query.js:2376:10)
    at model.Query._findOne (C:\RENVOX STARTUP\node_modules\mongoose\lib\query.js:2716:8)
    at model.Query.exec (C:\RENVOX STARTUP\node_modules\mongoose\lib\query.js:4687:80)
    at process.processTicksAndRejections (node:internal/process/task_queues:104:5)
    at async C:\RENVOX STARTUP\routes\analyticsRoutes.js:60:26
[2026-04-04T19:48:24.984Z] Dashboard Error: Cast to ObjectId failed for value "Data Structures Advanced" (type string) at path "_id" for model "Course"
CastError: Cast to ObjectId failed for value "Data Structures Advanced" (type string) at path "_id" for model "Course"
    at SchemaObjectId.cast (C:\RENVOX STARTUP\node_modules\mongoose\lib\schema\objectId.js:253:11)
    at SchemaType.applySetters (C:\RENVOX STARTUP\node_modules\mongoose\lib\schemaType.js:1279:12)
    at SchemaType.castForQuery (C:\RENVOX STARTUP\node_modules\mongoose\lib\schemaType.js:1705:17)
    at cast (C:\RENVOX STARTUP\node_modules\mongoose\lib\cast.js:386:32)
    at Query.cast (C:\RENVOX STARTUP\node_modules\mongoose\lib\query.js:5088:12)
    at Query._castConditions (C:\RENVOX STARTUP\node_modules\mongoose\lib\query.js:2376:10)
    at model.Query._findOne (C:\RENVOX STARTUP\node_modules\mongoose\lib\query.js:2716:8)
    at model.Query.exec (C:\RENVOX STARTUP\node_modules\mongoose\lib\query.js:4687:80)
    at process.processTicksAndRejections (node:internal/process/task_queues:104:5)
    at async C:\RENVOX STARTUP\routes\analyticsRoutes.js:60:26
[2026-04-04T19:48:40.272Z] Dashboard Error: Cast to ObjectId failed for value "Data Structures Advanced" (type string) at path "_id" for model "Course"
CastError: Cast to ObjectId failed for value "Data Structures Advanced" (type string) at path "_id" for model "Course"
    at SchemaObjectId.cast (C:\RENVOX STARTUP\node_modules\mongoose\lib\schema\objectId.js:253:11)
    at SchemaType.applySetters (C:\RENVOX STARTUP\node_modules\mongoose\lib\schemaType.js:1279:12)
    at SchemaType.castForQuery (C:\RENVOX STARTUP\node_modules\mongoose\lib\schemaType.js:1705:17)
    at cast (C:\RENVOX STARTUP\node_modules\mongoose\lib\cast.js:386:32)
    at Query.cast (C:\RENVOX STARTUP\node_modules\mongoose\lib\query.js:5088:12)
    at Query._castConditions (C:\RENVOX STARTUP\node_modules\mongoose\lib\query.js:2376:10)
    at model.Query._findOne (C:\RENVOX STARTUP\node_modules\mongoose\lib\query.js:2716:8)
    at model.Query.exec (C:\RENVOX STARTUP\node_modules\mongoose\lib\query.js:4687:80)
    at process.processTicksAndRejections (node:internal/process/task_queues:104:5)
    at async C:\RENVOX STARTUP\routes\analyticsRoutes.js:60:26
[2026-04-04T19:49:32.651Z] Dashboard Error: Cast to ObjectId failed for value "Data Structures Advanced" (type string) at path "_id" for model "Course"
CastError: Cast to ObjectId failed for value "Data Structures Advanced" (type string) at path "_id" for model "Course"
    at SchemaObjectId.cast (C:\RENVOX STARTUP\node_modules\mongoose\lib\schema\objectId.js:253:11)
    at SchemaType.applySetters (C:\RENVOX STARTUP\node_modules\mongoose\lib\schemaType.js:1279:12)
    at SchemaType.castForQuery (C:\RENVOX STARTUP\node_modules\mongoose\lib\schemaType.js:1705:17)
    at cast (C:\RENVOX STARTUP\node_modules\mongoose\lib\cast.js:386:32)
    at Query.cast (C:\RENVOX STARTUP\node_modules\mongoose\lib\query.js:5088:12)
    at Query._castConditions (C:\RENVOX STARTUP\node_modules\mongoose\lib\query.js:2376:10)
    at model.Query._findOne (C:\RENVOX STARTUP\node_modules\mongoose\lib\query.js:2716:8)
    at model.Query.exec (C:\RENVOX STARTUP\node_modules\mongoose\lib\query.js:4687:80)
    at process.processTicksAndRejections (node:internal/process/task_queues:104:5)
    at async C:\RENVOX STARTUP\routes\analyticsRoutes.js:60:26
